<?xml version="1.0" encoding="UTF-8"?>
<!-- Generated by org.testng.reporters.JUnitXMLReporter -->
<testsuite ignored="0" hostname="DESKTOP-INBM9UJ" failures="0" tests="5" name="ChromeTest" time="29.313" errors="0" timestamp="2023-09-16T21:39:28 IST">
  <testcase classname="Sep14.Cross_BrowserTesting" name="validate_login" time="7.423"/>
  <testcase classname="Sep14.Cross_BrowserTesting" name="validate_login" time="1.79"/>
  <testcase classname="Sep14.Cross_BrowserTesting" name="validate_login" time="1.102"/>
  <testcase classname="Sep14.Cross_BrowserTesting" name="validate_login" time="1.513"/>
  <testcase classname="Sep14.Cross_BrowserTesting" name="validate_login" time="1.367"/>
</testsuite> <!-- ChromeTest -->
