<?xml version="1.0" encoding="UTF-8"?>
<!-- Generated by org.testng.reporters.JUnitXMLReporter -->
<testsuite ignored="0" hostname="DESKTOP-INBM9UJ" failures="0" tests="5" name="FirefoxTest" time="67.314" errors="0" timestamp="2023-09-16T21:40:36 IST">
  <testcase classname="Sep14.Cross_BrowserTesting" name="validate_login" time="7.03"/>
  <testcase classname="Sep14.Cross_BrowserTesting" name="validate_login" time="1.773"/>
  <testcase classname="Sep14.Cross_BrowserTesting" name="validate_login" time="1.086"/>
  <testcase classname="Sep14.Cross_BrowserTesting" name="validate_login" time="1.129"/>
  <testcase classname="Sep14.Cross_BrowserTesting" name="validate_login" time="1.176"/>
</testsuite> <!-- FirefoxTest -->
