<?xml version="1.0" encoding="UTF-8"?>
<!-- Generated by org.testng.reporters.JUnitXMLReporter -->
<testsuite ignored="0" hostname="DESKTOP-INBM9UJ" failures="0" tests="9" name="Report" time="49.514" errors="0" timestamp="2023-09-15T01:24:58 IST">
  <testcase classname="sep11.FirstTestNG" name="branches" time="0.969"/>
  <testcase classname="sep11.FirstTestNG" name="roles" time="0.501"/>
  <testcase classname="sep11.FirstTestNG" name="users" time="0.853"/>
  <testcase classname="sep11.SecondTestNG" name="addition" time="0.487"/>
  <testcase classname="sep11.SecondTestNG" name="division" time="0.49"/>
  <testcase classname="sep11.SecondTestNG" name="multiplication" time="0.485"/>
  <testcase classname="sep11.ThirdTestNG" name="cbanking" time="0.447"/>
  <testcase classname="sep11.ThirdTestNG" name="ibanking" time="0.335"/>
  <testcase classname="sep11.ThirdTestNG" name="pbanking" time="1.472"/>
</testsuite> <!-- Report -->
