<?xml version="1.0" encoding="UTF-8"?>
<testng-results ignored="0" total="2" passed="2" failed="0" skipped="0">
  <reporter-output>
  </reporter-output>
  <suite started-at="2023-09-22T08:59:35 IST" name="Default suite" finished-at="2023-09-22T09:00:10 IST" duration-ms="35095">
    <groups>
    </groups>
    <test started-at="2023-09-22T08:59:35 IST" name="Default test" finished-at="2023-09-22T09:00:10 IST" duration-ms="35095">
      <class name="sep20.Advance_Reports">
        <test-method is-config="true" signature="generateReport()[pri:0, instance:sep20.Advance_Reports@536f2a7e]" started-at="2023-09-22T08:59:35 IST" name="generateReport" finished-at="2023-09-22T08:59:36 IST" duration-ms="534" status="PASS">
          <reporter-output>
          </reporter-output>
        </test-method> <!-- generateReport -->
        <test-method is-config="true" signature="setup()[pri:0, instance:sep20.Advance_Reports@536f2a7e]" started-at="2023-09-22T08:59:36 IST" name="setup" finished-at="2023-09-22T08:59:58 IST" duration-ms="22140" status="PASS">
          <reporter-output>
          </reporter-output>
        </test-method> <!-- setup -->
        <test-method signature="testfail()[pri:0, instance:sep20.Advance_Reports@536f2a7e]" started-at="2023-09-22T08:59:58 IST" name="testfail" finished-at="2023-09-22T08:59:58 IST" duration-ms="24" status="PASS">
          <reporter-output>
          </reporter-output>
        </test-method> <!-- testfail -->
        <test-method is-config="true" signature="teardown()[pri:0, instance:sep20.Advance_Reports@536f2a7e]" started-at="2023-09-22T08:59:58 IST" name="teardown" finished-at="2023-09-22T09:00:00 IST" duration-ms="1412" status="PASS">
          <reporter-output>
          </reporter-output>
        </test-method> <!-- teardown -->
        <test-method is-config="true" signature="setup()[pri:0, instance:sep20.Advance_Reports@536f2a7e]" started-at="2023-09-22T09:00:00 IST" name="setup" finished-at="2023-09-22T09:00:09 IST" duration-ms="9934" status="PASS">
          <reporter-output>
          </reporter-output>
        </test-method> <!-- setup -->
        <test-method signature="testpass()[pri:0, instance:sep20.Advance_Reports@536f2a7e]" started-at="2023-09-22T09:00:09 IST" name="testpass" finished-at="2023-09-22T09:00:09 IST" duration-ms="13" status="PASS">
          <reporter-output>
          </reporter-output>
        </test-method> <!-- testpass -->
        <test-method is-config="true" signature="teardown()[pri:0, instance:sep20.Advance_Reports@536f2a7e]" started-at="2023-09-22T09:00:09 IST" name="teardown" finished-at="2023-09-22T09:00:10 IST" duration-ms="929" status="PASS">
          <reporter-output>
          </reporter-output>
        </test-method> <!-- teardown -->
      </class> <!-- sep20.Advance_Reports -->
    </test> <!-- Default test -->
  </suite> <!-- Default suite -->
</testng-results>
